[2020-07-29 02:03:08.329] [exthost] [info] extension host started
[2020-07-29 02:03:08.350] [exthost] [info] ExtensionService#_doActivateExtension vscode.debug-auto-launch {"startup":true,"extensionId":{"value":"vscode.debug-auto-launch","_lower":"vscode.debug-auto-launch"},"activationEvent":"*"}
[2020-07-29 02:03:08.351] [exthost] [info] ExtensionService#loadCommonJSModule file:///snap/code/39/usr/share/code/resources/app/extensions/debug-auto-launch/dist/extension
[2020-07-29 02:03:08.354] [exthost] [info] ExtensionService#_doActivateExtension vscode.emmet {"startup":true,"extensionId":{"value":"vscode.emmet","_lower":"vscode.emmet"},"activationEvent":"*"}
[2020-07-29 02:03:08.354] [exthost] [info] ExtensionService#loadCommonJSModule file:///snap/code/39/usr/share/code/resources/app/extensions/emmet/dist/extension
[2020-07-29 02:03:08.391] [exthost] [info] ExtensionService#_doActivateExtension vscode.git {"startup":true,"extensionId":{"value":"vscode.github","_lower":"vscode.github"},"activationEvent":"*"}
[2020-07-29 02:03:08.391] [exthost] [info] ExtensionService#loadCommonJSModule file:///snap/code/39/usr/share/code/resources/app/extensions/git/dist/main
[2020-07-29 02:03:08.460] [exthost] [info] ExtensionService#_doActivateExtension vscode.github-authentication {"startup":true,"extensionId":{"value":"vscode.github-authentication","_lower":"vscode.github-authentication"},"activationEvent":"*"}
[2020-07-29 02:03:08.460] [exthost] [info] ExtensionService#loadCommonJSModule file:///snap/code/39/usr/share/code/resources/app/extensions/github-authentication/dist/extension.js
[2020-07-29 02:03:08.469] [exthost] [info] ExtensionService#_doActivateExtension vscode.merge-conflict {"startup":true,"extensionId":{"value":"vscode.merge-conflict","_lower":"vscode.merge-conflict"},"activationEvent":"*"}
[2020-07-29 02:03:08.469] [exthost] [info] ExtensionService#loadCommonJSModule file:///snap/code/39/usr/share/code/resources/app/extensions/merge-conflict/dist/mergeConflictMain
[2020-07-29 02:03:08.472] [exthost] [info] ExtensionService#_doActivateExtension vscode.microsoft-authentication {"startup":true,"extensionId":{"value":"vscode.microsoft-authentication","_lower":"vscode.microsoft-authentication"},"activationEvent":"*"}
[2020-07-29 02:03:08.472] [exthost] [info] ExtensionService#loadCommonJSModule file:///snap/code/39/usr/share/code/resources/app/extensions/microsoft-authentication/dist/extension.js
[2020-07-29 02:03:08.476] [exthost] [info] ExtensionService#_doActivateExtension vscode.search-result {"startup":true,"extensionId":{"value":"vscode.search-result","_lower":"vscode.search-result"},"activationEvent":"*"}
[2020-07-29 02:03:08.476] [exthost] [info] ExtensionService#loadCommonJSModule file:///snap/code/39/usr/share/code/resources/app/extensions/search-result/dist/extension.js
[2020-07-29 02:03:08.545] [exthost] [info] ExtensionService#_doActivateExtension vscode.github {"startup":true,"extensionId":{"value":"vscode.github","_lower":"vscode.github"},"activationEvent":"*"}
[2020-07-29 02:03:08.545] [exthost] [info] ExtensionService#loadCommonJSModule file:///snap/code/39/usr/share/code/resources/app/extensions/github/dist/extension.js
[2020-07-29 02:03:08.574] [exthost] [info] eager extensions activated
[2020-07-29 02:03:22.499] [exthost] [info] extension host started
[2020-07-29 02:03:22.593] [exthost] [info] ExtensionService#_doActivateExtension vscode.debug-auto-launch {"startup":true,"extensionId":{"value":"vscode.debug-auto-launch","_lower":"vscode.debug-auto-launch"},"activationEvent":"*"}
[2020-07-29 02:03:22.593] [exthost] [info] ExtensionService#loadCommonJSModule file:///snap/code/39/usr/share/code/resources/app/extensions/debug-auto-launch/dist/extension
[2020-07-29 02:03:22.597] [exthost] [info] ExtensionService#_doActivateExtension vscode.emmet {"startup":true,"extensionId":{"value":"vscode.emmet","_lower":"vscode.emmet"},"activationEvent":"*"}
[2020-07-29 02:03:22.598] [exthost] [info] ExtensionService#loadCommonJSModule file:///snap/code/39/usr/share/code/resources/app/extensions/emmet/dist/extension
[2020-07-29 02:03:22.611] [exthost] [info] ExtensionService#_doActivateExtension vscode.git {"startup":true,"extensionId":{"value":"vscode.github","_lower":"vscode.github"},"activationEvent":"*"}
[2020-07-29 02:03:22.611] [exthost] [info] ExtensionService#loadCommonJSModule file:///snap/code/39/usr/share/code/resources/app/extensions/git/dist/main
[2020-07-29 02:03:22.629] [exthost] [info] ExtensionService#_doActivateExtension vscode.github-authentication {"startup":true,"extensionId":{"value":"vscode.github-authentication","_lower":"vscode.github-authentication"},"activationEvent":"*"}
[2020-07-29 02:03:22.629] [exthost] [info] ExtensionService#loadCommonJSModule file:///snap/code/39/usr/share/code/resources/app/extensions/github-authentication/dist/extension.js
[2020-07-29 02:03:22.639] [exthost] [info] ExtensionService#_doActivateExtension vscode.merge-conflict {"startup":true,"extensionId":{"value":"vscode.merge-conflict","_lower":"vscode.merge-conflict"},"activationEvent":"*"}
[2020-07-29 02:03:22.639] [exthost] [info] ExtensionService#loadCommonJSModule file:///snap/code/39/usr/share/code/resources/app/extensions/merge-conflict/dist/mergeConflictMain
[2020-07-29 02:03:22.643] [exthost] [info] ExtensionService#_doActivateExtension vscode.microsoft-authentication {"startup":true,"extensionId":{"value":"vscode.microsoft-authentication","_lower":"vscode.microsoft-authentication"},"activationEvent":"*"}
[2020-07-29 02:03:22.643] [exthost] [info] ExtensionService#loadCommonJSModule file:///snap/code/39/usr/share/code/resources/app/extensions/microsoft-authentication/dist/extension.js
[2020-07-29 02:03:22.650] [exthost] [info] ExtensionService#_doActivateExtension vscode.search-result {"startup":true,"extensionId":{"value":"vscode.search-result","_lower":"vscode.search-result"},"activationEvent":"*"}
[2020-07-29 02:03:22.650] [exthost] [info] ExtensionService#loadCommonJSModule file:///snap/code/39/usr/share/code/resources/app/extensions/search-result/dist/extension.js
[2020-07-29 02:03:22.748] [exthost] [info] ExtensionService#_doActivateExtension vscode.github {"startup":true,"extensionId":{"value":"vscode.github","_lower":"vscode.github"},"activationEvent":"*"}
[2020-07-29 02:03:22.748] [exthost] [info] ExtensionService#loadCommonJSModule file:///snap/code/39/usr/share/code/resources/app/extensions/github/dist/extension.js
[2020-07-29 02:03:22.790] [exthost] [info] eager extensions activated
[2020-07-29 02:03:32.064] [exthost] [info] ExtensionService#_doActivateExtension vscode.html-language-features {"startup":false,"extensionId":{"value":"vscode.html-language-features","_lower":"vscode.html-language-features"},"activationEvent":"onLanguage:html"}
[2020-07-29 02:03:32.064] [exthost] [info] ExtensionService#loadCommonJSModule file:///snap/code/39/usr/share/code/resources/app/extensions/html-language-features/client/dist/node/htmlClientMain
